 * Serving Flask app "App" (lazy loading)
 * Environment: production
   WARNING: This is a development server. Do not use it in a production deployment.
   Use a production WSGI server instead.
 * Debug mode: on
 * Running on http://pascal.fis.agh.edu.pl:4022/ (Press CTRL+C to quit)
 * Restarting with stat
 * Debugger is active!
 * Debugger PIN: 166-105-174
149.156.109.1 - - [25/Jan/2023 12:45:42] "[37mGET / HTTP/1.1[0m" 200 -
149.156.109.1 - - [25/Jan/2023 12:45:42] "[37mGET /static/css/home.css HTTP/1.1[0m" 200 -
149.156.109.1 - - [25/Jan/2023 12:45:42] "[36mGET /static/images/a.png HTTP/1.1[0m" 304 -
149.156.109.1 - - [25/Jan/2023 12:45:42] "[36mGET /static/images/gakpo.png HTTP/1.1[0m" 304 -
149.156.109.1 - - [25/Jan/2023 12:45:42] "[36mGET /static/images/b.png HTTP/1.1[0m" 304 -
149.156.109.1 - - [25/Jan/2023 12:45:42] "[36mGET /static/images/kane.png HTTP/1.1[0m" 304 -
149.156.109.1 - - [25/Jan/2023 12:45:42] "[36mGET /static/images/messi.png HTTP/1.1[0m" 304 -
149.156.109.1 - - [25/Jan/2023 12:45:42] "[36mGET /static/images/c.png HTTP/1.1[0m" 304 -
149.156.109.1 - - [25/Jan/2023 12:45:42] "[36mGET /static/images/d.png HTTP/1.1[0m" 304 -
149.156.109.1 - - [25/Jan/2023 12:45:42] "[36mGET /static/images/mbappe.png HTTP/1.1[0m" 304 -
149.156.109.1 - - [25/Jan/2023 12:45:43] "[36mGET /static/images/e.png HTTP/1.1[0m" 304 -
149.156.109.1 - - [25/Jan/2023 12:45:43] "[36mGET /static/images/neuer.png HTTP/1.1[0m" 304 -
149.156.109.1 - - [25/Jan/2023 12:45:43] "[36mGET /static/images/f.png HTTP/1.1[0m" 304 -
149.156.109.1 - - [25/Jan/2023 12:45:43] "[36mGET /static/images/modric.png HTTP/1.1[0m" 304 -
149.156.109.1 - - [25/Jan/2023 12:45:43] "[36mGET /static/images/g.png HTTP/1.1[0m" 304 -
149.156.109.1 - - [25/Jan/2023 12:45:43] "[36mGET /static/images/ney.png HTTP/1.1[0m" 304 -
149.156.109.1 - - [25/Jan/2023 12:45:43] "[36mGET /static/images/h.png HTTP/1.1[0m" 304 -
149.156.109.1 - - [25/Jan/2023 12:45:43] "[36mGET /static/images/cr7.png HTTP/1.1[0m" 304 -
149.156.109.1 - - [25/Jan/2023 12:45:46] "[37mGET /mecze HTTP/1.1[0m" 200 -
149.156.109.1 - - [25/Jan/2023 12:45:47] "[37mGET /home HTTP/1.1[0m" 200 -
149.156.109.1 - - [25/Jan/2023 12:45:48] "[37mGET /reprezentacje HTTP/1.1[0m" 200 -
149.156.109.1 - - [25/Jan/2023 12:45:49] "[37mGET /sedziowie HTTP/1.1[0m" 200 -
149.156.109.1 - - [25/Jan/2023 12:45:51] "[37mGET /stadiony HTTP/1.1[0m" 200 -
149.156.109.1 - - [25/Jan/2023 12:45:52] "[37mGET /selekcjonerzy HTTP/1.1[0m" 200 -
149.156.109.1 - - [25/Jan/2023 12:45:52] "[37mGET /konfederacje HTTP/1.1[0m" 200 -
149.156.109.1 - - [25/Jan/2023 12:45:53] "[37mGET /ranking HTTP/1.1[0m" 200 -
149.156.109.1 - - [25/Jan/2023 12:45:55] "[37mGET /mecze HTTP/1.1[0m" 200 -
 * Detected change in '/home/stud2020/0urbanski/public_html/ProjektBazyFlask/App/routes.py', reloading
 * Restarting with stat
 * Debugger is active!
 * Debugger PIN: 166-105-174
 * Detected change in '/home/stud2020/0urbanski/public_html/ProjektBazyFlask/App/routes.py', reloading
 * Restarting with stat
 * Debugger is active!
 * Debugger PIN: 166-105-174
 * Detected change in '/home/stud2020/0urbanski/public_html/ProjektBazyFlask/App/routes.py', reloading
 * Restarting with stat
 * Debugger is active!
 * Debugger PIN: 166-105-174
 * Detected change in '/home/stud2020/0urbanski/public_html/ProjektBazyFlask/App/routes.py', reloading
 * Restarting with stat
 * Debugger is active!
 * Debugger PIN: 166-105-174
149.156.109.1 - - [25/Jan/2023 13:02:25] "[37mGET / HTTP/1.1[0m" 200 -
149.156.109.1 - - [25/Jan/2023 13:02:26] "[37mGET / HTTP/1.1[0m" 200 -
149.156.109.1 - - [25/Jan/2023 13:02:30] "[37mGET /ranking HTTP/1.1[0m" 200 -
149.156.109.1 - - [25/Jan/2023 13:02:32] "[37mGET /stadiony HTTP/1.1[0m" 200 -
149.156.109.1 - - [25/Jan/2023 13:02:32] "[37mGET /sedziowie HTTP/1.1[0m" 200 -
149.156.109.1 - - [25/Jan/2023 13:02:33] "[37mGET /home HTTP/1.1[0m" 200 -
 * Detected change in '/home/stud2020/0urbanski/public_html/ProjektBazyFlask/App/routes.py', reloading
 * Restarting with stat
 * Debugger is active!
 * Debugger PIN: 166-105-174
 * Detected change in '/home/stud2020/0urbanski/public_html/ProjektBazyFlask/App/forms.py', reloading
 * Restarting with stat
 * Debugger is active!
 * Debugger PIN: 166-105-174
 * Detected change in '/home/stud2020/0urbanski/public_html/ProjektBazyFlask/App/forms.py', reloading
 * Restarting with stat
 * Debugger is active!
 * Debugger PIN: 166-105-174
 * Detected change in '/home/stud2020/0urbanski/public_html/ProjektBazyFlask/App/forms.py', reloading
 * Restarting with stat
 * Debugger is active!
 * Debugger PIN: 166-105-174
 * Detected change in '/home/stud2020/0urbanski/public_html/ProjektBazyFlask/App/__init__.py', reloading
 * Restarting with stat
 * Debugger is active!
 * Debugger PIN: 166-105-174
 * Detected change in '/home/stud2020/0urbanski/public_html/ProjektBazyFlask/App/routes.py', reloading
 * Restarting with stat
Traceback (most recent call last):
  File "/home/stud2020/0urbanski/public_html/ProjektBazyFlask/app.py", line 1, in <module>
    from App import app
  File "/home/stud2020/0urbanski/public_html/ProjektBazyFlask/App/__init__.py", line 16, in <module>
    from App import routes
  File "/home/stud2020/0urbanski/public_html/ProjektBazyFlask/App/routes.py", line 86
    .execute(f'SELECT * FROM mundial.strzelcy_view WHERE id_mecz = {str(id_m)} AND id_reprezentacja = {str(id_r1)};')
    ^
SyntaxError: invalid syntax
 * Serving Flask app "App" (lazy loading)
 * Environment: production
   WARNING: This is a development server. Do not use it in a production deployment.
   Use a production WSGI server instead.
 * Debug mode: on
 * Running on http://pascal.fis.agh.edu.pl:4022/ (Press CTRL+C to quit)
 * Restarting with stat
 * Debugger is active!
 * Debugger PIN: 166-105-174
149.156.109.1 - - [25/Jan/2023 20:51:25] "[37mGET / HTTP/1.1[0m" 200 -
149.156.109.1 - - [25/Jan/2023 20:51:25] "[37mGET /static/css/home.css HTTP/1.1[0m" 200 -
149.156.109.1 - - [25/Jan/2023 20:51:25] "[37mGET /static/images/kane.png HTTP/1.1[0m" 200 -
149.156.109.1 - - [25/Jan/2023 20:51:25] "[37mGET /static/images/gakpo.png HTTP/1.1[0m" 200 -
149.156.109.1 - - [25/Jan/2023 20:51:25] "[37mGET /static/images/messi.png HTTP/1.1[0m" 200 -
149.156.109.1 - - [25/Jan/2023 20:51:26] "[37mGET /static/images/a.png HTTP/1.1[0m" 200 -
149.156.109.1 - - [25/Jan/2023 20:51:26] "[37mGET /static/images/b.png HTTP/1.1[0m" 200 -
149.156.109.1 - - [25/Jan/2023 20:51:26] "[37mGET /static/images/c.png HTTP/1.1[0m" 200 -
149.156.109.1 - - [25/Jan/2023 20:51:26] "[37mGET /static/images/d.png HTTP/1.1[0m" 200 -
149.156.109.1 - - [25/Jan/2023 20:51:26] "[37mGET /static/images/mbappe.png HTTP/1.1[0m" 200 -
149.156.109.1 - - [25/Jan/2023 20:51:26] "[37mGET /static/images/e.png HTTP/1.1[0m" 200 -
149.156.109.1 - - [25/Jan/2023 20:51:26] "[37mGET /static/images/neuer.png HTTP/1.1[0m" 200 -
149.156.109.1 - - [25/Jan/2023 20:51:26] "[37mGET /static/images/f.png HTTP/1.1[0m" 200 -
149.156.109.1 - - [25/Jan/2023 20:51:26] "[37mGET /static/images/modric.png HTTP/1.1[0m" 200 -
149.156.109.1 - - [25/Jan/2023 20:51:26] "[37mGET /static/images/g.png HTTP/1.1[0m" 200 -
149.156.109.1 - - [25/Jan/2023 20:51:26] "[37mGET /static/images/ney.png HTTP/1.1[0m" 200 -
149.156.109.1 - - [25/Jan/2023 20:51:26] "[37mGET /static/images/h.png HTTP/1.1[0m" 200 -
149.156.109.1 - - [25/Jan/2023 20:51:26] "[37mGET /static/images/cr7.png HTTP/1.1[0m" 200 -
149.156.109.1 - - [25/Jan/2023 20:51:26] "[33mGET /favicon.ico HTTP/1.1[0m" 404 -
149.156.109.1 - - [26/Jan/2023 12:17:44] "[37mGET / HTTP/1.1[0m" 200 -
149.156.109.1 - - [26/Jan/2023 12:17:44] "[37mGET /static/images/gakpo.png HTTP/1.1[0m" 200 -
149.156.109.1 - - [26/Jan/2023 12:17:44] "[37mGET /static/css/home.css HTTP/1.1[0m" 200 -
149.156.109.1 - - [26/Jan/2023 12:17:44] "[37mGET /static/images/a.png HTTP/1.1[0m" 200 -
149.156.109.1 - - [26/Jan/2023 12:17:44] "[37mGET /static/images/kane.png HTTP/1.1[0m" 200 -
149.156.109.1 - - [26/Jan/2023 12:17:44] "[37mGET /static/images/c.png HTTP/1.1[0m" 200 -
149.156.109.1 - - [26/Jan/2023 12:17:44] "[37mGET /static/images/b.png HTTP/1.1[0m" 200 -
149.156.109.1 - - [26/Jan/2023 12:17:44] "[37mGET /static/images/messi.png HTTP/1.1[0m" 200 -
149.156.109.1 - - [26/Jan/2023 12:17:44] "[37mGET /static/images/d.png HTTP/1.1[0m" 200 -
149.156.109.1 - - [26/Jan/2023 12:17:44] "[37mGET /static/images/mbappe.png HTTP/1.1[0m" 200 -
149.156.109.1 - - [26/Jan/2023 12:17:44] "[37mGET /static/images/e.png HTTP/1.1[0m" 200 -
149.156.109.1 - - [26/Jan/2023 12:17:44] "[37mGET /static/images/neuer.png HTTP/1.1[0m" 200 -
149.156.109.1 - - [26/Jan/2023 12:17:44] "[37mGET /static/images/f.png HTTP/1.1[0m" 200 -
149.156.109.1 - - [26/Jan/2023 12:17:44] "[37mGET /static/images/modric.png HTTP/1.1[0m" 200 -
149.156.109.1 - - [26/Jan/2023 12:17:44] "[37mGET /static/images/g.png HTTP/1.1[0m" 200 -
149.156.109.1 - - [26/Jan/2023 12:17:44] "[37mGET /static/images/ney.png HTTP/1.1[0m" 200 -
149.156.109.1 - - [26/Jan/2023 12:17:44] "[37mGET /static/images/h.png HTTP/1.1[0m" 200 -
149.156.109.1 - - [26/Jan/2023 12:17:44] "[37mGET /static/images/cr7.png HTTP/1.1[0m" 200 -
149.156.109.1 - - [26/Jan/2023 12:17:45] "[37mGET / HTTP/1.1[0m" 200 -
149.156.109.1 - - [26/Jan/2023 12:17:45] "[37mGET /static/css/home.css HTTP/1.1[0m" 200 -
149.156.109.1 - - [26/Jan/2023 12:17:45] "[37mGET /static/images/gakpo.png HTTP/1.1[0m" 200 -
149.156.109.1 - - [26/Jan/2023 12:17:45] "[37mGET /static/images/kane.png HTTP/1.1[0m" 200 -
149.156.109.1 - - [26/Jan/2023 12:17:45] "[33mGET /favicon.ico HTTP/1.1[0m" 404 -
149.156.109.1 - - [26/Jan/2023 12:18:43] "[37mGET /grupa/A HTTP/1.1[0m" 200 -
149.156.109.1 - - [26/Jan/2023 12:19:16] "[37mGET /mecze HTTP/1.1[0m" 200 -
149.156.109.1 - - [26/Jan/2023 12:19:35] "[37mGET /mecz/1/18/9 HTTP/1.1[0m" 200 -
149.156.109.1 - - [26/Jan/2023 12:19:47] "[37mGET /admin/login HTTP/1.1[0m" 200 -
149.156.109.1 - - [26/Jan/2023 12:19:47] "[33mGET /static/css/log_reg.css HTTP/1.1[0m" 404 -
149.156.109.1 - - [26/Jan/2023 12:19:54] "[32mPOST /admin/login HTTP/1.1[0m" 302 -
149.156.109.1 - - [26/Jan/2023 12:19:54] "[37mGET /home HTTP/1.1[0m" 200 -
149.156.109.1 - - [26/Jan/2023 12:19:57] "[37mGET /mecze HTTP/1.1[0m" 200 -
149.156.109.1 - - [26/Jan/2023 12:20:19] "[37mGET /mecz_admin/5/10/0/4/0 HTTP/1.1[0m" 200 -
149.156.109.1 - - [26/Jan/2023 12:20:24] "[32mPOST /mecz_admin/5/10/0/4/0 HTTP/1.1[0m" 302 -
149.156.109.1 - - [26/Jan/2023 12:20:24] "[37mGET /mecz_admin/5/10/4/4/1 HTTP/1.1[0m" 200 -
149.156.109.1 - - [26/Jan/2023 12:21:27] "[32mPOST /mecz_admin/5/10/4/4/1 HTTP/1.1[0m" 302 -
149.156.109.1 - - [26/Jan/2023 12:21:27] "[37mGET /mecz_admin/5/10/4/4/1 HTTP/1.1[0m" 200 -
149.156.109.1 - - [26/Jan/2023 12:21:46] "[32mGET /admin/logout HTTP/1.1[0m" 302 -
149.156.109.1 - - [26/Jan/2023 12:21:46] "[37mGET /home HTTP/1.1[0m" 200 -
149.156.109.1 - - [26/Jan/2023 12:21:48] "[37mGET /mecze HTTP/1.1[0m" 200 -
149.156.109.1 - - [26/Jan/2023 12:21:51] "[37mGET /mecz/5/10/4 HTTP/1.1[0m" 200 -
149.156.109.1 - - [26/Jan/2023 12:26:06] "[37mGET /admin/login HTTP/1.1[0m" 200 -
149.156.109.1 - - [26/Jan/2023 12:26:06] "[33mGET /static/css/log_reg.css HTTP/1.1[0m" 404 -
149.156.109.1 - - [26/Jan/2023 12:26:12] "[32mPOST /admin/login HTTP/1.1[0m" 302 -
149.156.109.1 - - [26/Jan/2023 12:26:12] "[37mGET /home HTTP/1.1[0m" 200 -
149.156.109.1 - - [26/Jan/2023 12:26:14] "[37mGET /mecze HTTP/1.1[0m" 200 -
149.156.109.1 - - [26/Jan/2023 12:26:17] "[37mGET /mecz_admin/5/10/4/4/1 HTTP/1.1[0m" 200 -
149.156.109.1 - - [26/Jan/2023 12:26:20] "[32mPOST /mecz_admin/5/10/4/4/1 HTTP/1.1[0m" 302 -
149.156.109.1 - - [26/Jan/2023 12:26:20] "[37mGET /mecz_admin/5/10/3/4/1 HTTP/1.1[0m" 200 -
149.156.109.1 - - [26/Jan/2023 12:26:22] "[32mPOST /mecz_admin/5/10/3/4/1 HTTP/1.1[0m" 302 -
149.156.109.1 - - [26/Jan/2023 12:26:22] "[37mGET /mecz_admin/5/10/4/4/1 HTTP/1.1[0m" 200 -
149.156.109.1 - - [26/Jan/2023 12:26:36] "[32mPOST /mecz_admin/5/10/4/4/1 HTTP/1.1[0m" 302 -
149.156.109.1 - - [26/Jan/2023 12:26:36] "[37mGET /mecz_admin/5/10/4/4/1 HTTP/1.1[0m" 200 -
149.156.109.1 - - [26/Jan/2023 12:26:38] "[37mGET /mecze HTTP/1.1[0m" 200 -
149.156.109.1 - - [26/Jan/2023 12:26:40] "[37mGET /mecz/5/10/4 HTTP/1.1[0m" 200 -
 * Detected change in '/home/stud2020/0urbanski/public_html/ProjektBazyFlask/App/routes.py', reloading
 * Restarting with stat
 * Debugger is active!
 * Debugger PIN: 166-105-174
149.156.109.1 - - [26/Jan/2023 12:29:07] "[37mGET /home HTTP/1.1[0m" 200 -
149.156.109.1 - - [26/Jan/2023 12:29:09] "[37mGET /mecze HTTP/1.1[0m" 200 -
149.156.109.1 - - [26/Jan/2023 12:29:12] "[37mGET /mecz_admin/5/10/4/4/1 HTTP/1.1[0m" 200 -
149.156.109.1 - - [26/Jan/2023 12:29:16] "[32mPOST /mecz_admin/5/10/4/4/1 HTTP/1.1[0m" 302 -
149.156.109.1 - - [26/Jan/2023 12:29:16] "[37mGET /mecz_admin/5/10/0/4/0 HTTP/1.1[0m" 200 -
149.156.109.1 - - [26/Jan/2023 12:29:21] "[32mPOST /mecz_admin/5/10/0/4/0 HTTP/1.1[0m" 302 -
149.156.109.1 - - [26/Jan/2023 12:29:21] "[37mGET /mecz_admin/5/10/4/4/1 HTTP/1.1[0m" 200 -
149.156.109.1 - - [26/Jan/2023 12:29:34] "[32mPOST /mecz_admin/5/10/4/4/1 HTTP/1.1[0m" 302 -
149.156.109.1 - - [26/Jan/2023 12:29:34] "[37mGET /mecz_admin/5/10/4/4/1 HTTP/1.1[0m" 200 -
149.156.109.1 - - [26/Jan/2023 12:29:36] "[37mGET /mecze HTTP/1.1[0m" 200 -
149.156.109.1 - - [26/Jan/2023 12:29:37] "[37mGET /mecz/5/10/4 HTTP/1.1[0m" 200 -
 * Detected change in '/home/stud2020/0urbanski/public_html/ProjektBazyFlask/App/routes.py', reloading
 * Restarting with stat
 * Debugger is active!
 * Debugger PIN: 166-105-174
 * Detected change in '/home/stud2020/0urbanski/public_html/ProjektBazyFlask/App/routes.py', reloading
 * Restarting with stat
 * Debugger is active!
 * Debugger PIN: 166-105-174
149.156.109.1 - - [26/Jan/2023 12:30:15] "[37mGET /mecz/5/10/4 HTTP/1.1[0m" 200 -
149.156.109.1 - - [26/Jan/2023 12:30:19] "[37mGET /mecze HTTP/1.1[0m" 200 -
149.156.109.1 - - [26/Jan/2023 12:30:22] "[37mGET /mecz_admin/5/10/4/4/1 HTTP/1.1[0m" 200 -
149.156.109.1 - - [26/Jan/2023 12:30:27] "[32mPOST /mecz_admin/5/10/4/4/1 HTTP/1.1[0m" 302 -
149.156.109.1 - - [26/Jan/2023 12:30:27] "[37mGET /mecz_admin/5/10/0/4/0 HTTP/1.1[0m" 200 -
 * Detected change in '/home/stud2020/0urbanski/public_html/ProjektBazyFlask/App/routes.py', reloading
 * Restarting with stat
Traceback (most recent call last):
  File "/home/stud2020/0urbanski/public_html/ProjektBazyFlask/app.py", line 1, in <module>
    from App import app
  File "/home/stud2020/0urbanski/public_html/ProjektBazyFlask/App/__init__.py", line 16, in <module>
    from App import routes
  File "/home/stud2020/0urbanski/public_html/ProjektBazyFlask/App/routes.py", line 62
    if w_r1>0:
    ^
IndentationError: expected an indented block
 * Serving Flask app "App" (lazy loading)
 * Environment: production
   WARNING: This is a development server. Do not use it in a production deployment.
   Use a production WSGI server instead.
 * Debug mode: on
 * Running on http://pascal.fis.agh.edu.pl:4022/ (Press CTRL+C to quit)
 * Restarting with stat
 * Debugger is active!
 * Debugger PIN: 166-105-174
149.156.109.1 - - [26/Jan/2023 12:59:53] "[37mGET /home HTTP/1.1[0m" 200 -
149.156.109.1 - - [26/Jan/2023 12:59:55] "[37mGET /mecze HTTP/1.1[0m" 200 -
149.156.109.1 - - [26/Jan/2023 12:59:59] "[37mGET /mecz_admin/5/10/0/4/0 HTTP/1.1[0m" 200 -
149.156.109.1 - - [26/Jan/2023 13:00:04] "[32mPOST /mecz_admin/5/10/0/4/0 HTTP/1.1[0m" 302 -
149.156.109.1 - - [26/Jan/2023 13:00:04] "[37mGET /mecz_admin/5/10/4/4/1 HTTP/1.1[0m" 200 -
149.156.109.1 - - [26/Jan/2023 13:00:20] "[32mPOST /mecz_admin/5/10/4/4/1 HTTP/1.1[0m" 302 -
149.156.109.1 - - [26/Jan/2023 13:00:20] "[37mGET /mecz_admin/5/10/4/4/1 HTTP/1.1[0m" 200 -
149.156.109.1 - - [26/Jan/2023 13:00:22] "[37mGET /mecze HTTP/1.1[0m" 200 -
149.156.109.1 - - [26/Jan/2023 13:00:29] "[37mGET /mecz_admin/5/10/4/4/1 HTTP/1.1[0m" 200 -
149.156.109.1 - - [26/Jan/2023 13:00:30] "[37mGET /mecze HTTP/1.1[0m" 200 -
149.156.109.1 - - [26/Jan/2023 13:00:32] "[37mGET /mecz/5/10/4 HTTP/1.1[0m" 200 -
149.156.109.1 - - [26/Jan/2023 13:02:17] "[37mGET /mecze HTTP/1.1[0m" 200 -
149.156.109.1 - - [26/Jan/2023 13:02:19] "[37mGET /mecz_admin/5/10/4/4/1 HTTP/1.1[0m" 200 -
149.156.109.1 - - [26/Jan/2023 13:02:23] "[32mPOST /mecz_admin/5/10/4/4/1 HTTP/1.1[0m" 302 -
149.156.109.1 - - [26/Jan/2023 13:02:23] "[37mGET /mecz_admin/5/10/0/4/0 HTTP/1.1[0m" 200 -
149.156.109.1 - - [26/Jan/2023 13:02:25] "[37mGET /mecze HTTP/1.1[0m" 200 -
149.156.109.1 - - [26/Jan/2023 13:02:28] "[37mGET /mecz/5/10/4 HTTP/1.1[0m" 200 -
149.156.109.1 - - [26/Jan/2023 13:05:33] "[37mGET /mecz/5/10/4 HTTP/1.1[0m" 200 -
149.156.109.1 - - [26/Jan/2023 13:05:35] "[37mGET /mecze HTTP/1.1[0m" 200 -
149.156.109.1 - - [26/Jan/2023 13:05:37] "[37mGET /mecz_admin/5/10/0/4/0 HTTP/1.1[0m" 200 -
149.156.109.1 - - [26/Jan/2023 13:05:41] "[32mPOST /mecz_admin/5/10/0/4/0 HTTP/1.1[0m" 302 -
149.156.109.1 - - [26/Jan/2023 13:05:41] "[37mGET /mecz_admin/5/10/4/4/1 HTTP/1.1[0m" 200 -
149.156.109.1 - - [26/Jan/2023 13:05:49] "[35m[1mPOST /mecz_admin/5/10/4/4/1 HTTP/1.1[0m" 500 -
Traceback (most recent call last):
  File "/usr/local/lib/python3.9/dist-packages/sqlalchemy/engine/base.py", line 1276, in _execute_context
    self.dialect.do_execute(
  File "/usr/local/lib/python3.9/dist-packages/sqlalchemy/engine/default.py", line 608, in do_execute
    cursor.execute(statement, parameters)
psycopg2.errors.ForeignKeyViolation: BŁĄD:  wstawianie lub modyfikacja na tabeli "zdarzenie_boiskowe" narusza klucz obcy "zdarzenie_boiskowe_id_pilkarz_fkey"
DETAIL:  Klucz (id_pilkarz)=(4010) nie występuje w tabeli "pilkarz".

The above exception was the direct cause of the following exception:

Traceback (most recent call last):
  File "/usr/local/lib/python3.9/dist-packages/flask/app.py", line 2464, in __call__
    return self.wsgi_app(environ, start_response)
  File "/usr/local/lib/python3.9/dist-packages/flask/app.py", line 2450, in wsgi_app
    response = self.handle_exception(e)
  File "/usr/local/lib/python3.9/dist-packages/flask/app.py", line 1867, in handle_exception
    reraise(exc_type, exc_value, tb)
  File "/usr/local/lib/python3.9/dist-packages/flask/_compat.py", line 39, in reraise
    raise value
  File "/usr/local/lib/python3.9/dist-packages/flask/app.py", line 2447, in wsgi_app
    response = self.full_dispatch_request()
  File "/usr/local/lib/python3.9/dist-packages/flask/app.py", line 1952, in full_dispatch_request
    rv = self.handle_user_exception(e)
  File "/usr/local/lib/python3.9/dist-packages/flask/app.py", line 1821, in handle_user_exception
    reraise(exc_type, exc_value, tb)
  File "/usr/local/lib/python3.9/dist-packages/flask/_compat.py", line 39, in reraise
    raise value
  File "/usr/local/lib/python3.9/dist-packages/flask/app.py", line 1950, in full_dispatch_request
    rv = self.dispatch_request()
  File "/usr/local/lib/python3.9/dist-packages/flask/app.py", line 1936, in dispatch_request
    return self.view_functions[rule.endpoint](**req.view_args)
  File "/home/stud2020/0urbanski/public_html/ProjektBazyFlask/App/routes.py", line 77, in mecz_admin_page
    con.execute(f'INSERT INTO mundial.zdarzenie_boiskowe (id_mecz, id_pilkarz, liczba_goli, id_reprezentacja) values ({id_m}, {r2_id}{i1}, {text}, {r2_id})')
  File "/usr/local/lib/python3.9/dist-packages/sqlalchemy/engine/base.py", line 1003, in execute
    return self._execute_text(object_, multiparams, params)
  File "/usr/local/lib/python3.9/dist-packages/sqlalchemy/engine/base.py", line 1172, in _execute_text
    ret = self._execute_context(
  File "/usr/local/lib/python3.9/dist-packages/sqlalchemy/engine/base.py", line 1316, in _execute_context
    self._handle_dbapi_exception(
  File "/usr/local/lib/python3.9/dist-packages/sqlalchemy/engine/base.py", line 1510, in _handle_dbapi_exception
    util.raise_(
  File "/usr/local/lib/python3.9/dist-packages/sqlalchemy/util/compat.py", line 182, in raise_
    raise exception
  File "/usr/local/lib/python3.9/dist-packages/sqlalchemy/engine/base.py", line 1276, in _execute_context
    self.dialect.do_execute(
  File "/usr/local/lib/python3.9/dist-packages/sqlalchemy/engine/default.py", line 608, in do_execute
    cursor.execute(statement, parameters)
sqlalchemy.exc.IntegrityError: (psycopg2.errors.ForeignKeyViolation) BŁĄD:  wstawianie lub modyfikacja na tabeli "zdarzenie_boiskowe" narusza klucz obcy "zdarzenie_boiskowe_id_pilkarz_fkey"
DETAIL:  Klucz (id_pilkarz)=(4010) nie występuje w tabeli "pilkarz".

[SQL: INSERT INTO mundial.zdarzenie_boiskowe (id_mecz, id_pilkarz, liczba_goli, id_reprezentacja) values (5, 4010, 1, 4)]
(Background on this error at: http://sqlalche.me/e/13/gkpj)
149.156.109.1 - - [26/Jan/2023 13:05:50] "[37mGET /mecz_admin/5/10/4/4/1?__debugger__=yes&cmd=resource&f=style.css HTTP/1.1[0m" 200 -
149.156.109.1 - - [26/Jan/2023 13:05:50] "[37mGET /mecz_admin/5/10/4/4/1?__debugger__=yes&cmd=resource&f=jquery.js HTTP/1.1[0m" 200 -
149.156.109.1 - - [26/Jan/2023 13:05:50] "[37mGET /mecz_admin/5/10/4/4/1?__debugger__=yes&cmd=resource&f=debugger.js HTTP/1.1[0m" 200 -
149.156.109.1 - - [26/Jan/2023 13:05:50] "[37mGET /mecz_admin/5/10/4/4/1?__debugger__=yes&cmd=resource&f=console.png HTTP/1.1[0m" 200 -
149.156.109.1 - - [26/Jan/2023 13:05:50] "[37mGET /mecz_admin/5/10/4/4/1?__debugger__=yes&cmd=resource&f=console.png HTTP/1.1[0m" 200 -
 * Detected change in '/home/stud2020/0urbanski/public_html/ProjektBazyFlask/App/routes.py', reloading
 * Restarting with stat
 * Debugger is active!
 * Debugger PIN: 166-105-174
149.156.109.1 - - [26/Jan/2023 13:07:35] "[37mGET / HTTP/1.1[0m" 200 -
149.156.109.1 - - [26/Jan/2023 13:07:40] "[37mGET /mecze HTTP/1.1[0m" 200 -
149.156.109.1 - - [26/Jan/2023 13:07:42] "[37mGET /mecz_admin/5/10/4/4/1 HTTP/1.1[0m" 200 -
149.156.109.1 - - [26/Jan/2023 13:07:46] "[32mPOST /mecz_admin/5/10/4/4/1 HTTP/1.1[0m" 302 -
149.156.109.1 - - [26/Jan/2023 13:07:46] "[37mGET /mecz_admin/5/10/0/4/0 HTTP/1.1[0m" 200 -
149.156.109.1 - - [26/Jan/2023 13:07:59] "[32mPOST /mecz_admin/5/10/0/4/0 HTTP/1.1[0m" 302 -
149.156.109.1 - - [26/Jan/2023 13:07:59] "[37mGET /mecz_admin/5/10/0/4/0 HTTP/1.1[0m" 200 -
 * Detected change in '/home/stud2020/0urbanski/public_html/ProjektBazyFlask/App/routes.py', reloading
 * Restarting with stat
Traceback (most recent call last):
  File "/home/stud2020/0urbanski/public_html/ProjektBazyFlask/app.py", line 1, in <module>
    from App import app
  File "/home/stud2020/0urbanski/public_html/ProjektBazyFlask/App/__init__.py", line 16, in <module>
    from App import routes
  File "/home/stud2020/0urbanski/public_html/ProjektBazyFlask/App/routes.py", line 49
    con.execute(f'UPDATE mundial.wynik_meczu SET wynik_reprezentacja1 = {w1}, wynik_reprezentacja2 = {w2} WHERE id_mecz ={str(id_m) + ';')
                                                                                                                                       ^
SyntaxError: f-string: expecting '}'
 * Serving Flask app "App" (lazy loading)
 * Environment: production
   WARNING: This is a development server. Do not use it in a production deployment.
   Use a production WSGI server instead.
 * Debug mode: on
 * Running on http://pascal.fis.agh.edu.pl:4022/ (Press CTRL+C to quit)
 * Restarting with stat
 * Debugger is active!
 * Debugger PIN: 166-105-174
149.156.109.1 - - [26/Jan/2023 13:10:03] "[37mGET /mecz_admin/5/10/0/4/0 HTTP/1.1[0m" 200 -
149.156.109.1 - - [26/Jan/2023 13:10:05] "[32mPOST /mecz_admin/5/10/0/4/0 HTTP/1.1[0m" 302 -
149.156.109.1 - - [26/Jan/2023 13:10:05] "[37mGET /mecz_admin/5/10/0/4/0 HTTP/1.1[0m" 200 -
149.156.109.1 - - [26/Jan/2023 13:10:19] "[32mPOST /mecz_admin/5/10/0/4/0 HTTP/1.1[0m" 302 -
149.156.109.1 - - [26/Jan/2023 13:10:19] "[37mGET /mecz_admin/5/10/4/4/1 HTTP/1.1[0m" 200 -
149.156.109.1 - - [26/Jan/2023 13:10:28] "[35m[1mPOST /mecz_admin/5/10/4/4/1 HTTP/1.1[0m" 500 -
Traceback (most recent call last):
  File "/usr/local/lib/python3.9/dist-packages/sqlalchemy/engine/base.py", line 1276, in _execute_context
    self.dialect.do_execute(
  File "/usr/local/lib/python3.9/dist-packages/sqlalchemy/engine/default.py", line 608, in do_execute
    cursor.execute(statement, parameters)
psycopg2.errors.ForeignKeyViolation: BŁĄD:  wstawianie lub modyfikacja na tabeli "zdarzenie_boiskowe" narusza klucz obcy "zdarzenie_boiskowe_id_pilkarz_fkey"
DETAIL:  Klucz (id_pilkarz)=(10010) nie występuje w tabeli "pilkarz".

The above exception was the direct cause of the following exception:

Traceback (most recent call last):
  File "/usr/local/lib/python3.9/dist-packages/flask/app.py", line 2464, in __call__
    return self.wsgi_app(environ, start_response)
  File "/usr/local/lib/python3.9/dist-packages/flask/app.py", line 2450, in wsgi_app
    response = self.handle_exception(e)
  File "/usr/local/lib/python3.9/dist-packages/flask/app.py", line 1867, in handle_exception
    reraise(exc_type, exc_value, tb)
  File "/usr/local/lib/python3.9/dist-packages/flask/_compat.py", line 39, in reraise
    raise value
  File "/usr/local/lib/python3.9/dist-packages/flask/app.py", line 2447, in wsgi_app
    response = self.full_dispatch_request()
  File "/usr/local/lib/python3.9/dist-packages/flask/app.py", line 1952, in full_dispatch_request
    rv = self.handle_user_exception(e)
  File "/usr/local/lib/python3.9/dist-packages/flask/app.py", line 1821, in handle_user_exception
    reraise(exc_type, exc_value, tb)
  File "/usr/local/lib/python3.9/dist-packages/flask/_compat.py", line 39, in reraise
    raise value
  File "/usr/local/lib/python3.9/dist-packages/flask/app.py", line 1950, in full_dispatch_request
    rv = self.dispatch_request()
  File "/usr/local/lib/python3.9/dist-packages/flask/app.py", line 1936, in dispatch_request
    return self.view_functions[rule.endpoint](**req.view_args)
  File "/home/stud2020/0urbanski/public_html/ProjektBazyFlask/App/routes.py", line 69, in mecz_admin_page
    con.execute(f'INSERT INTO mundial.zdarzenie_boiskowe (id_mecz, id_pilkarz, liczba_goli, id_reprezentacja) values ({id_m}, {r1_id}{i1}, {text}, {r1_id})')
  File "/usr/local/lib/python3.9/dist-packages/sqlalchemy/engine/base.py", line 1003, in execute
    return self._execute_text(object_, multiparams, params)
  File "/usr/local/lib/python3.9/dist-packages/sqlalchemy/engine/base.py", line 1172, in _execute_text
    ret = self._execute_context(
  File "/usr/local/lib/python3.9/dist-packages/sqlalchemy/engine/base.py", line 1316, in _execute_context
    self._handle_dbapi_exception(
  File "/usr/local/lib/python3.9/dist-packages/sqlalchemy/engine/base.py", line 1510, in _handle_dbapi_exception
    util.raise_(
  File "/usr/local/lib/python3.9/dist-packages/sqlalchemy/util/compat.py", line 182, in raise_
    raise exception
  File "/usr/local/lib/python3.9/dist-packages/sqlalchemy/engine/base.py", line 1276, in _execute_context
    self.dialect.do_execute(
  File "/usr/local/lib/python3.9/dist-packages/sqlalchemy/engine/default.py", line 608, in do_execute
    cursor.execute(statement, parameters)
sqlalchemy.exc.IntegrityError: (psycopg2.errors.ForeignKeyViolation) BŁĄD:  wstawianie lub modyfikacja na tabeli "zdarzenie_boiskowe" narusza klucz obcy "zdarzenie_boiskowe_id_pilkarz_fkey"
DETAIL:  Klucz (id_pilkarz)=(10010) nie występuje w tabeli "pilkarz".

[SQL: INSERT INTO mundial.zdarzenie_boiskowe (id_mecz, id_pilkarz, liczba_goli, id_reprezentacja) values (5, 10010, 2, 10)]
(Background on this error at: http://sqlalche.me/e/13/gkpj)
149.156.109.1 - - [26/Jan/2023 13:10:28] "[37mGET /mecz_admin/5/10/4/4/1?__debugger__=yes&cmd=resource&f=style.css HTTP/1.1[0m" 200 -
149.156.109.1 - - [26/Jan/2023 13:10:28] "[37mGET /mecz_admin/5/10/4/4/1?__debugger__=yes&cmd=resource&f=jquery.js HTTP/1.1[0m" 200 -
149.156.109.1 - - [26/Jan/2023 13:10:28] "[37mGET /mecz_admin/5/10/4/4/1?__debugger__=yes&cmd=resource&f=debugger.js HTTP/1.1[0m" 200 -
149.156.109.1 - - [26/Jan/2023 13:10:28] "[37mGET /mecz_admin/5/10/4/4/1?__debugger__=yes&cmd=resource&f=console.png HTTP/1.1[0m" 200 -
149.156.109.1 - - [26/Jan/2023 13:10:28] "[37mGET /mecz_admin/5/10/4/4/1?__debugger__=yes&cmd=resource&f=console.png HTTP/1.1[0m" 200 -
 * Detected change in '/home/stud2020/0urbanski/public_html/ProjektBazyFlask/App/routes.py', reloading
 * Restarting with stat
 * Debugger is active!
 * Debugger PIN: 166-105-174
 * Detected change in '/home/stud2020/0urbanski/public_html/ProjektBazyFlask/App/routes.py', reloading
 * Restarting with stat
 * Debugger is active!
 * Debugger PIN: 166-105-174
149.156.109.1 - - [26/Jan/2023 13:10:48] "[37mGET / HTTP/1.1[0m" 200 -
149.156.109.1 - - [26/Jan/2023 13:10:50] "[37mGET /mecze HTTP/1.1[0m" 200 -
149.156.109.1 - - [26/Jan/2023 13:10:53] "[37mGET /mecz_admin/5/10/4/4/1 HTTP/1.1[0m" 200 -
149.156.109.1 - - [26/Jan/2023 13:10:54] "[32mPOST /mecz_admin/5/10/4/4/1 HTTP/1.1[0m" 302 -
149.156.109.1 - - [26/Jan/2023 13:10:54] "[37mGET /mecz_admin/5/10/4/4/1 HTTP/1.1[0m" 200 -
149.156.109.1 - - [26/Jan/2023 13:11:04] "[32mPOST /mecz_admin/5/10/4/4/1 HTTP/1.1[0m" 302 -
149.156.109.1 - - [26/Jan/2023 13:11:04] "[37mGET /mecz_admin/5/10/4/4/1 HTTP/1.1[0m" 200 -
149.156.109.1 - - [26/Jan/2023 13:11:53] "[37mGET /mecze HTTP/1.1[0m" 200 -
149.156.109.1 - - [26/Jan/2023 13:12:04] "[37mGET /mecz_admin/5/10/4/4/1 HTTP/1.1[0m" 200 -
149.156.109.1 - - [26/Jan/2023 13:12:06] "[32mPOST /mecz_admin/5/10/4/4/1 HTTP/1.1[0m" 302 -
149.156.109.1 - - [26/Jan/2023 13:12:06] "[37mGET /mecz_admin/5/10/4/4/1 HTTP/1.1[0m" 200 -
149.156.109.1 - - [26/Jan/2023 13:12:43] "[37mGET /mecze HTTP/1.1[0m" 200 -
149.156.109.1 - - [26/Jan/2023 13:12:45] "[37mGET /mecz_admin/5/10/4/4/1 HTTP/1.1[0m" 200 -
149.156.109.1 - - [26/Jan/2023 13:12:49] "[32mPOST /mecz_admin/5/10/4/4/1 HTTP/1.1[0m" 302 -
149.156.109.1 - - [26/Jan/2023 13:12:49] "[37mGET /mecz_admin/5/10/0/4/0 HTTP/1.1[0m" 200 -
149.156.109.1 - - [26/Jan/2023 13:34:02] "[37mGET /home HTTP/1.1[0m" 200 -
149.156.109.1 - - [26/Jan/2023 13:34:04] "[37mGET /mecze HTTP/1.1[0m" 200 -
149.156.109.1 - - [26/Jan/2023 13:34:08] "[37mGET /mecz_admin/5/10/0/4/0 HTTP/1.1[0m" 200 -
149.156.109.1 - - [26/Jan/2023 13:34:10] "[32mPOST /mecz_admin/5/10/0/4/0 HTTP/1.1[0m" 302 -
149.156.109.1 - - [26/Jan/2023 13:34:10] "[37mGET /mecz_admin/5/10/2/4/0 HTTP/1.1[0m" 200 -
149.156.109.1 - - [26/Jan/2023 13:37:01] "[37mGET /mecze HTTP/1.1[0m" 200 -
149.156.109.1 - - [26/Jan/2023 13:37:05] "[37mGET /mecz_admin/5/10/2/4/0 HTTP/1.1[0m" 200 -
149.156.109.1 - - [26/Jan/2023 13:37:09] "[32mPOST /mecz_admin/5/10/2/4/0 HTTP/1.1[0m" 302 -
149.156.109.1 - - [26/Jan/2023 13:37:09] "[37mGET /mecz_admin/5/10/4/4/0 HTTP/1.1[0m" 200 -
149.156.109.1 - - [26/Jan/2023 13:38:12] "[32mPOST /mecz_admin/5/10/4/4/0 HTTP/1.1[0m" 302 -
149.156.109.1 - - [26/Jan/2023 13:38:12] "[37mGET /mecz_admin/5/10/4/4/1 HTTP/1.1[0m" 200 -
149.156.109.1 - - [26/Jan/2023 13:38:23] "[32mPOST /mecz_admin/5/10/4/4/1 HTTP/1.1[0m" 302 -
149.156.109.1 - - [26/Jan/2023 13:38:23] "[37mGET /mecz_admin/5/10/4/4/1 HTTP/1.1[0m" 200 -
149.156.109.1 - - [26/Jan/2023 13:44:39] "[32mPOST /mecz_admin/5/10/4/4/1 HTTP/1.1[0m" 302 -
149.156.109.1 - - [26/Jan/2023 13:44:39] "[37mGET /mecz_admin/5/10/4/4/1 HTTP/1.1[0m" 200 -
149.156.109.1 - - [26/Jan/2023 13:44:50] "[32mPOST /mecz_admin/5/10/4/4/1 HTTP/1.1[0m" 302 -
149.156.109.1 - - [26/Jan/2023 13:44:50] "[37mGET /mecz_admin/5/10/4/4/1 HTTP/1.1[0m" 200 -
149.156.109.1 - - [26/Jan/2023 13:46:18] "[32mPOST /mecz_admin/5/10/4/4/1 HTTP/1.1[0m" 302 -
149.156.109.1 - - [26/Jan/2023 13:46:18] "[37mGET /mecz_admin/5/10/0/4/1 HTTP/1.1[0m" 200 -
149.156.109.1 - - [26/Jan/2023 13:46:30] "[32mPOST /mecz_admin/5/10/0/4/1 HTTP/1.1[0m" 302 -
149.156.109.1 - - [26/Jan/2023 13:46:30] "[32mPOST /mecz_admin/5/10/0/4/1 HTTP/1.1[0m" 302 -
149.156.109.1 - - [26/Jan/2023 13:46:30] "[37mGET /mecz_admin/5/10/4/4/1 HTTP/1.1[0m" 200 -
149.156.109.1 - - [26/Jan/2023 13:46:45] "[32mPOST /mecz_admin/5/10/4/4/1 HTTP/1.1[0m" 302 -
149.156.109.1 - - [26/Jan/2023 13:46:45] "[37mGET /mecz_admin/5/10/4/4/1 HTTP/1.1[0m" 200 -
149.156.109.1 - - [26/Jan/2023 13:47:17] "[32mPOST /mecz_admin/5/10/4/4/1 HTTP/1.1[0m" 302 -
149.156.109.1 - - [26/Jan/2023 13:47:17] "[37mGET /mecz_admin/5/10/0/4/1 HTTP/1.1[0m" 200 -
149.156.109.1 - - [26/Jan/2023 13:47:28] "[32mPOST /mecz_admin/5/10/0/4/1 HTTP/1.1[0m" 302 -
149.156.109.1 - - [26/Jan/2023 13:47:28] "[37mGET /mecz_admin/5/10/0/4/0 HTTP/1.1[0m" 200 -
149.156.109.1 - - [26/Jan/2023 13:49:20] "[32mPOST /mecz_admin/5/10/0/4/0 HTTP/1.1[0m" 302 -
149.156.109.1 - - [26/Jan/2023 13:49:20] "[37mGET /mecz_admin/5/10/0/4/0 HTTP/1.1[0m" 200 -
149.156.109.1 - - [26/Jan/2023 13:53:17] "[32mPOST /mecz_admin/5/10/0/4/0 HTTP/1.1[0m" 302 -
149.156.109.1 - - [26/Jan/2023 13:53:17] "[37mGET /mecz_admin/5/10/2/4/2 HTTP/1.1[0m" 200 -
149.156.109.1 - - [26/Jan/2023 13:53:22] "[32mPOST /mecz_admin/5/10/2/4/2 HTTP/1.1[0m" 302 -
149.156.109.1 - - [26/Jan/2023 13:53:22] "[37mGET /mecz_admin/5/10/2/4/2 HTTP/1.1[0m" 200 -
 * Serving Flask app "App" (lazy loading)
 * Environment: production
   WARNING: This is a development server. Do not use it in a production deployment.
   Use a production WSGI server instead.
 * Debug mode: on
 * Running on http://pascal.fis.agh.edu.pl:4022/ (Press CTRL+C to quit)
 * Restarting with stat
 * Debugger is active!
 * Debugger PIN: 166-105-174
149.156.109.1 - - [26/Jan/2023 13:57:32] "[37mGET /mecz_admin/5/10/2/4/2 HTTP/1.1[0m" 200 -
149.156.109.1 - - [26/Jan/2023 13:57:35] "[37mGET / HTTP/1.1[0m" 200 -
149.156.109.1 - - [26/Jan/2023 13:57:37] "[37mGET /mecze HTTP/1.1[0m" 200 -
149.156.109.1 - - [26/Jan/2023 13:57:41] "[37mGET /mecz_admin/5/10/0/4/0 HTTP/1.1[0m" 200 -
149.156.109.1 - - [26/Jan/2023 13:57:45] "[32mPOST /mecz_admin/5/10/0/4/0 HTTP/1.1[0m" 302 -
149.156.109.1 - - [26/Jan/2023 13:57:45] "[37mGET /mecz_admin/5/10/4/4/1 HTTP/1.1[0m" 200 -
149.156.109.1 - - [26/Jan/2023 13:57:53] "[32mPOST /mecz_admin/5/10/4/4/1 HTTP/1.1[0m" 302 -
149.156.109.1 - - [26/Jan/2023 13:57:53] "[37mGET /mecz_admin/5/10/4/4/1 HTTP/1.1[0m" 200 -
149.156.109.1 - - [26/Jan/2023 13:58:16] "[32mPOST /mecz_admin/5/10/4/4/1 HTTP/1.1[0m" 302 -
149.156.109.1 - - [26/Jan/2023 13:58:16] "[37mGET /mecz_admin/5/10/0/4/0 HTTP/1.1[0m" 200 -
149.156.109.1 - - [26/Jan/2023 14:02:51] "[32mPOST /mecz_admin/5/10/0/4/0 HTTP/1.1[0m" 302 -
149.156.109.1 - - [26/Jan/2023 14:02:51] "[37mGET /mecz_admin/5/10/3/4/1 HTTP/1.1[0m" 200 -
149.156.109.1 - - [26/Jan/2023 14:03:01] "[32mPOST /mecz_admin/5/10/3/4/1 HTTP/1.1[0m" 302 -
149.156.109.1 - - [26/Jan/2023 14:03:01] "[37mGET /mecz_admin/5/10/3/4/1 HTTP/1.1[0m" 200 -
149.156.109.1 - - [26/Jan/2023 14:04:15] "[37mGET /mecz_admin/5/10/3/4/1 HTTP/1.1[0m" 200 -
149.156.109.1 - - [26/Jan/2023 14:04:18] "[32mPOST /mecz_admin/5/10/3/4/1 HTTP/1.1[0m" 302 -
149.156.109.1 - - [26/Jan/2023 14:04:18] "[37mGET /mecz_admin/5/10/4/4/1 HTTP/1.1[0m" 200 -
149.156.109.1 - - [26/Jan/2023 14:04:35] "[32mPOST /mecz_admin/5/10/4/4/1 HTTP/1.1[0m" 302 -
149.156.109.1 - - [26/Jan/2023 14:04:35] "[37mGET /mecz_admin/5/10/4/4/1 HTTP/1.1[0m" 200 -
149.156.109.1 - - [26/Jan/2023 14:04:36] "[37mGET /mecze HTTP/1.1[0m" 200 -
149.156.109.1 - - [26/Jan/2023 14:04:38] "[32mGET /admin/logout HTTP/1.1[0m" 302 -
149.156.109.1 - - [26/Jan/2023 14:04:38] "[37mGET /home HTTP/1.1[0m" 200 -
149.156.109.1 - - [26/Jan/2023 14:04:40] "[37mGET /mecze HTTP/1.1[0m" 200 -
149.156.109.1 - - [26/Jan/2023 14:04:41] "[37mGET /mecz/5/10/4 HTTP/1.1[0m" 200 -
149.156.109.1 - - [26/Jan/2023 14:05:12] "[37mGET /reprezentacje HTTP/1.1[0m" 200 -
149.156.109.1 - - [26/Jan/2023 14:06:03] "[37mGET /reprezentacja/10 HTTP/1.1[0m" 200 -
149.156.109.1 - - [26/Jan/2023 14:06:03] "[37mGET /static/images/flagi/10.png HTTP/1.1[0m" 200 -
149.156.109.1 - - [26/Jan/2023 14:07:09] "[37mGET /reprezentacja/10 HTTP/1.1[0m" 200 -
149.156.109.1 - - [26/Jan/2023 14:07:35] "[37mGET /pilkarz/1010 HTTP/1.1[0m" 200 -
149.156.109.1 - - [26/Jan/2023 14:07:58] "[37mGET /sedziowie HTTP/1.1[0m" 200 -
149.156.109.1 - - [26/Jan/2023 14:08:15] "[37mGET /sedzia/29 HTTP/1.1[0m" 200 -
149.156.109.1 - - [26/Jan/2023 14:08:35] "[37mGET /sedzia/29 HTTP/1.1[0m" 200 -
149.156.109.1 - - [26/Jan/2023 14:08:51] "[37mGET /stadiony HTTP/1.1[0m" 200 -
149.156.109.1 - - [26/Jan/2023 14:09:04] "[37mGET /stadion/1 HTTP/1.1[0m" 200 -
149.156.109.1 - - [26/Jan/2023 14:09:04] "[37mGET /static/images/stadiony/1.jpg HTTP/1.1[0m" 200 -
149.156.109.1 - - [26/Jan/2023 14:09:21] "[37mGET /selekcjonerzy HTTP/1.1[0m" 200 -
149.156.109.1 - - [26/Jan/2023 14:09:40] "[37mGET /selekcjoner/10 HTTP/1.1[0m" 200 -
149.156.109.1 - - [26/Jan/2023 14:09:56] "[37mGET /konfederacje HTTP/1.1[0m" 200 -
149.156.109.1 - - [26/Jan/2023 14:10:18] "[37mGET /konfederacja/UEFA HTTP/1.1[0m" 200 -
149.156.109.1 - - [26/Jan/2023 14:10:35] "[37mGET /ranking HTTP/1.1[0m" 200 -
149.156.109.1 - - [26/Jan/2023 16:54:06] "[37mGET /home HTTP/1.1[0m" 200 -
 * Detected change in '/home/stud2020/0urbanski/public_html/ProjektBazyFlask/App/routes.py', reloading
 * Restarting with stat
Traceback (most recent call last):
  File "/home/stud2020/0urbanski/public_html/ProjektBazyFlask/app.py", line 1, in <module>
    from App import app
  File "/home/stud2020/0urbanski/public_html/ProjektBazyFlask/App/__init__.py", line 16, in <module>
    from App import routes
  File "/home/stud2020/0urbanski/public_html/ProjektBazyFlask/App/routes.py", line 51
    if request.form.get('submit1') == 'Submit1':
                                                ^
IndentationError: unindent does not match any outer indentation level
Traceback (most recent call last):
  File "/home/stud2020/0urbanski/public_html/ProjektBazyFlask/app.py", line 1, in <module>
    from App import app
  File "/home/stud2020/0urbanski/public_html/ProjektBazyFlask/App/__init__.py", line 16, in <module>
    from App import routes
  File "/home/stud2020/0urbanski/public_html/ProjektBazyFlask/App/routes.py", line 51
    if request.form.get('submit1') == 'Submit1':
                                                ^
IndentationError: unindent does not match any outer indentation level
Traceback (most recent call last):
  File "/home/stud2020/0urbanski/public_html/ProjektBazyFlask/app.py", line 1, in <module>
    from App import app
  File "/home/stud2020/0urbanski/public_html/ProjektBazyFlask/App/__init__.py", line 16, in <module>
    from App import routes
  File "/home/stud2020/0urbanski/public_html/ProjektBazyFlask/App/routes.py", line 51
    if request.form.get('submit1') == 'Submit1':
                                                ^
IndentationError: unindent does not match any outer indentation level
 * Serving Flask app "App" (lazy loading)
 * Environment: production
   WARNING: This is a development server. Do not use it in a production deployment.
   Use a production WSGI server instead.
 * Debug mode: on
 * Running on http://pascal.fis.agh.edu.pl:4022/ (Press CTRL+C to quit)
 * Restarting with stat
 * Debugger is active!
 * Debugger PIN: 166-105-174
149.156.109.1 - - [26/Jan/2023 17:20:06] "[37mGET /home HTTP/1.1[0m" 200 -
149.156.109.1 - - [26/Jan/2023 17:20:08] "[37mGET /mecze HTTP/1.1[0m" 200 -
149.156.109.1 - - [26/Jan/2023 17:20:15] "[37mGET /mecz/5/10/4 HTTP/1.1[0m" 200 -
149.156.109.1 - - [26/Jan/2023 17:20:18] "[37mGET /admin/login HTTP/1.1[0m" 200 -
149.156.109.1 - - [26/Jan/2023 17:20:18] "[33mGET /static/css/log_reg.css HTTP/1.1[0m" 404 -
149.156.109.1 - - [26/Jan/2023 17:20:29] "[32mPOST /admin/login HTTP/1.1[0m" 302 -
149.156.109.1 - - [26/Jan/2023 17:20:29] "[37mGET /home HTTP/1.1[0m" 200 -
149.156.109.1 - - [26/Jan/2023 17:20:31] "[37mGET /mecze HTTP/1.1[0m" 200 -
149.156.109.1 - - [26/Jan/2023 17:20:36] "[37mGET /mecz_admin/5/10/0/4/0 HTTP/1.1[0m" 200 -
149.156.109.1 - - [26/Jan/2023 17:20:40] "[32mPOST /mecz_admin/5/10/0/4/0 HTTP/1.1[0m" 302 -
149.156.109.1 - - [26/Jan/2023 17:20:40] "[37mGET /mecz_admin/5/10/4/4/1 HTTP/1.1[0m" 200 -
149.156.109.1 - - [26/Jan/2023 17:20:53] "[32mPOST /mecz_admin/5/10/4/4/1 HTTP/1.1[0m" 302 -
149.156.109.1 - - [26/Jan/2023 17:20:53] "[37mGET /mecz_admin/5/10/4/4/1 HTTP/1.1[0m" 200 -
149.156.109.1 - - [26/Jan/2023 17:20:56] "[37mGET /ranking HTTP/1.1[0m" 200 -
149.156.109.1 - - [26/Jan/2023 17:20:59] "[37mGET /mecze HTTP/1.1[0m" 200 -
149.156.109.1 - - [26/Jan/2023 17:21:01] "[37mGET /mecz_admin/5/10/4/4/1 HTTP/1.1[0m" 200 -
149.156.109.1 - - [26/Jan/2023 17:21:04] "[32mPOST /mecz_admin/5/10/4/4/1 HTTP/1.1[0m" 302 -
149.156.109.1 - - [26/Jan/2023 17:21:04] "[37mGET /mecz_admin/5/10/0/4/0 HTTP/1.1[0m" 200 -
149.156.109.1 - - [26/Jan/2023 17:21:06] "[37mGET /ranking HTTP/1.1[0m" 200 -
 * Serving Flask app "App" (lazy loading)
 * Environment: production
   WARNING: This is a development server. Do not use it in a production deployment.
   Use a production WSGI server instead.
 * Debug mode: on
 * Running on http://pascal.fis.agh.edu.pl:4022/ (Press CTRL+C to quit)
 * Restarting with stat
 * Debugger is active!
 * Debugger PIN: 166-105-174
149.156.109.1 - - [26/Jan/2023 17:21:48] "[37mGET /mecze HTTP/1.1[0m" 200 -
149.156.109.1 - - [26/Jan/2023 17:21:51] "[37mGET /mecz_admin/5/10/0/4/0 HTTP/1.1[0m" 200 -
149.156.109.1 - - [26/Jan/2023 17:21:52] "[32mPOST /mecz_admin/5/10/0/4/0 HTTP/1.1[0m" 302 -
149.156.109.1 - - [26/Jan/2023 17:21:52] "[37mGET /mecz_admin/5/10/0/4/0 HTTP/1.1[0m" 200 -
149.156.109.1 - - [26/Jan/2023 17:21:53] "[37mGET /ranking HTTP/1.1[0m" 200 -
 * Detected change in '/home/stud2020/0urbanski/public_html/ProjektBazyFlask/App/routes.py', reloading
 * Restarting with stat
 * Debugger is active!
 * Debugger PIN: 166-105-174
 * Detected change in '/home/stud2020/0urbanski/public_html/ProjektBazyFlask/App/routes.py', reloading
 * Restarting with stat
 * Debugger is active!
 * Debugger PIN: 166-105-174
149.156.109.1 - - [26/Jan/2023 17:22:23] "[37mGET /ranking HTTP/1.1[0m" 200 -
149.156.109.1 - - [26/Jan/2023 17:22:25] "[37mGET /mecze HTTP/1.1[0m" 200 -
149.156.109.1 - - [26/Jan/2023 17:22:27] "[37mGET /mecz_admin/5/10/0/4/0 HTTP/1.1[0m" 200 -
149.156.109.1 - - [26/Jan/2023 17:22:28] "[32mPOST /mecz_admin/5/10/0/4/0 HTTP/1.1[0m" 302 -
149.156.109.1 - - [26/Jan/2023 17:22:28] "[37mGET /mecz_admin/5/10/0/4/0 HTTP/1.1[0m" 200 -
149.156.109.1 - - [26/Jan/2023 17:22:29] "[37mGET /ranking HTTP/1.1[0m" 200 -
149.156.109.1 - - [26/Jan/2023 19:13:35] "[37mGET / HTTP/1.1[0m" 200 -
149.156.109.1 - - [26/Jan/2023 19:13:36] "[33mGET /favicon.ico HTTP/1.1[0m" 404 -
149.156.109.1 - - [26/Jan/2023 19:13:37] "[32mGET /admin/logout HTTP/1.1[0m" 302 -
149.156.109.1 - - [26/Jan/2023 19:13:37] "[37mGET /home HTTP/1.1[0m" 200 -
149.156.109.1 - - [26/Jan/2023 19:13:38] "[37mGET /admin/login HTTP/1.1[0m" 200 -
149.156.109.1 - - [26/Jan/2023 19:13:38] "[33mGET /static/css/log_reg.css HTTP/1.1[0m" 404 -
